2014/09/24 15:22:53 [error] [exception.CDbException] exception 'CDbException' with message 'CDbConnection failed to open the DB connection: SQLSTATE[HY000] [1049] Unknown database 'testdrive'' in E:\wwwroot\yii\framework\db\CDbConnection.php:382
Stack trace:
#0 E:\wwwroot\yii\framework\db\CDbConnection.php(330): CDbConnection->open()
#1 E:\wwwroot\yii\framework\db\CDbConnection.php(308): CDbConnection->setActive(true)
#2 E:\wwwroot\yii\framework\base\CModule.php(387): CDbConnection->init()
#3 E:\wwwroot\yii\framework\base\CModule.php(103): CModule->getComponent('db')
#4 E:\wwwroot\yii\framework\gii\generators\crud\CrudCode.php(44): CModule->__get('db')
#5 E:\wwwroot\yii\framework\web\CFormModel.php(39): CrudCode->init()
#6 E:\wwwroot\yii\framework\gii\CCodeGenerator.php(153): CFormModel->__construct()
#7 E:\wwwroot\yii\framework\gii\CCodeGenerator.php(63): CCodeGenerator->prepare()
#8 E:\wwwroot\yii\framework\web\actions\CInlineAction.php(49): CCodeGenerator->actionIndex()
#9 E:\wwwroot\yii\framework\web\CController.php(308): CInlineAction->runWithParams(Array)
#10 E:\wwwroot\yii\framework\web\CController.php(286): CController->runAction(Object(CInlineAction))
#11 E:\wwwroot\yii\framework\web\CController.php(265): CController->runActionWithFilters(Object(CInlineAction), Array)
#12 E:\wwwroot\yii\framework\web\CWebApplication.php(282): CController->run('index')
#13 E:\wwwroot\yii\framework\web\CWebApplication.php(141): CWebApplication->runController('gii/crud/index')
#14 E:\wwwroot\yii\framework\base\CApplication.php(180): CWebApplication->processRequest()
#15 E:\wwwroot\yii\projects\eayon\index.php(13): CApplication->run()
#16 {main}
REQUEST_URI=/yii/projects/eayon/index.php?r=gii/crud/index
HTTP_REFERER=http://localhost/yii/projects/eayon/index.php?r=gii
---
2014/09/24 16:20:18 [error] [php] Undefined index: User (E:\wwwroot\yii\projects\eayon\protected\controllers\UserController.php:69)
Stack trace:
#0 E:\wwwroot\yii\framework\web\filters\CFilterChain.php(133): UserController->runAction()
#1 E:\wwwroot\yii\framework\web\filters\CFilter.php(40): CFilterChain->run()
#2 E:\wwwroot\yii\framework\web\CController.php(1145): CAccessControlFilter->filter()
#3 E:\wwwroot\yii\framework\web\filters\CInlineFilter.php(58): UserController->filterAccessControl()
#4 E:\wwwroot\yii\framework\web\filters\CFilterChain.php(130): CInlineFilter->filter()
#5 E:\wwwroot\yii\framework\web\CController.php(291): CFilterChain->run()
#6 E:\wwwroot\yii\framework\web\CController.php(265): UserController->runActionWithFilters()
#7 E:\wwwroot\yii\framework\web\CWebApplication.php(282): UserController->run()
#8 E:\wwwroot\yii\framework\web\CWebApplication.php(141): CWebApplication->runController()
#9 E:\wwwroot\yii\framework\base\CApplication.php(180): CWebApplication->processRequest()
#10 E:\wwwroot\yii\projects\eayon\index.php(13): CWebApplication->run()
REQUEST_URI=/yii/projects/eayon/index.php?r=user/create
in E:\wwwroot\yii\projects\eayon\protected\controllers\UserController.php (69)
in E:\wwwroot\yii\projects\eayon\index.php (13)
2014/09/24 16:20:39 [error] [php] Undefined index: User (E:\wwwroot\yii\projects\eayon\protected\controllers\UserController.php:69)
Stack trace:
#0 E:\wwwroot\yii\framework\web\filters\CFilterChain.php(133): UserController->runAction()
#1 E:\wwwroot\yii\framework\web\filters\CFilter.php(40): CFilterChain->run()
#2 E:\wwwroot\yii\framework\web\CController.php(1145): CAccessControlFilter->filter()
#3 E:\wwwroot\yii\framework\web\filters\CInlineFilter.php(58): UserController->filterAccessControl()
#4 E:\wwwroot\yii\framework\web\filters\CFilterChain.php(130): CInlineFilter->filter()
#5 E:\wwwroot\yii\framework\web\CController.php(291): CFilterChain->run()
#6 E:\wwwroot\yii\framework\web\CController.php(265): UserController->runActionWithFilters()
#7 E:\wwwroot\yii\framework\web\CWebApplication.php(282): UserController->run()
#8 E:\wwwroot\yii\framework\web\CWebApplication.php(141): CWebApplication->runController()
#9 E:\wwwroot\yii\framework\base\CApplication.php(180): CWebApplication->processRequest()
#10 E:\wwwroot\yii\projects\eayon\index.php(13): CWebApplication->run()
REQUEST_URI=/yii/projects/eayon/index.php?r=user/create
in E:\wwwroot\yii\projects\eayon\protected\controllers\UserController.php (69)
in E:\wwwroot\yii\projects\eayon\index.php (13)
2014/09/24 16:20:57 [error] [php] Undefined index: User (E:\wwwroot\yii\projects\eayon\protected\controllers\UserController.php:69)
Stack trace:
#0 E:\wwwroot\yii\framework\web\filters\CFilterChain.php(133): UserController->runAction()
#1 E:\wwwroot\yii\framework\web\filters\CFilter.php(40): CFilterChain->run()
#2 E:\wwwroot\yii\framework\web\CController.php(1145): CAccessControlFilter->filter()
#3 E:\wwwroot\yii\framework\web\filters\CInlineFilter.php(58): UserController->filterAccessControl()
#4 E:\wwwroot\yii\framework\web\filters\CFilterChain.php(130): CInlineFilter->filter()
#5 E:\wwwroot\yii\framework\web\CController.php(291): CFilterChain->run()
#6 E:\wwwroot\yii\framework\web\CController.php(265): UserController->runActionWithFilters()
#7 E:\wwwroot\yii\framework\web\CWebApplication.php(282): UserController->run()
#8 E:\wwwroot\yii\framework\web\CWebApplication.php(141): CWebApplication->runController()
#9 E:\wwwroot\yii\framework\base\CApplication.php(180): CWebApplication->processRequest()
#10 E:\wwwroot\yii\projects\eayon\index.php(13): CWebApplication->run()
REQUEST_URI=/yii/projects/eayon/index.php?r=user/create
in E:\wwwroot\yii\projects\eayon\protected\controllers\UserController.php (69)
in E:\wwwroot\yii\projects\eayon\index.php (13)
2014/09/24 16:21:08 [error] [php] Undefined index: User (E:\wwwroot\yii\projects\eayon\protected\controllers\UserController.php:69)
Stack trace:
#0 E:\wwwroot\yii\framework\web\filters\CFilterChain.php(133): UserController->runAction()
#1 E:\wwwroot\yii\framework\web\filters\CFilter.php(40): CFilterChain->run()
#2 E:\wwwroot\yii\framework\web\CController.php(1145): CAccessControlFilter->filter()
#3 E:\wwwroot\yii\framework\web\filters\CInlineFilter.php(58): UserController->filterAccessControl()
#4 E:\wwwroot\yii\framework\web\filters\CFilterChain.php(130): CInlineFilter->filter()
#5 E:\wwwroot\yii\framework\web\CController.php(291): CFilterChain->run()
#6 E:\wwwroot\yii\framework\web\CController.php(265): UserController->runActionWithFilters()
#7 E:\wwwroot\yii\framework\web\CWebApplication.php(282): UserController->run()
#8 E:\wwwroot\yii\framework\web\CWebApplication.php(141): CWebApplication->runController()
#9 E:\wwwroot\yii\framework\base\CApplication.php(180): CWebApplication->processRequest()
#10 E:\wwwroot\yii\projects\eayon\index.php(13): CWebApplication->run()
REQUEST_URI=/yii/projects/eayon/index.php?r=user/create
in E:\wwwroot\yii\projects\eayon\protected\controllers\UserController.php (69)
in E:\wwwroot\yii\projects\eayon\index.php (13)
2014/09/24 17:25:24 [error] [exception.CHttpException.404] exception 'CHttpException' with message 'Unable to resolve the request "gui".' in E:\wwwroot\yii\framework\web\CWebApplication.php:286
Stack trace:
#0 E:\wwwroot\yii\framework\web\CWebApplication.php(141): CWebApplication->runController('gui')
#1 E:\wwwroot\yii\framework\base\CApplication.php(180): CWebApplication->processRequest()
#2 E:\wwwroot\yii\projects\eayon\index.php(13): CApplication->run()
#3 {main}
REQUEST_URI=/yii/projects/eayon/index.php?r=gui
---
2014/09/24 17:54:57 [error] [exception.CException] exception 'CException' with message 'Property "Book.username" is not defined.' in E:\wwwroot\yii\framework\base\CComponent.php:130
Stack trace:
#0 E:\wwwroot\yii\framework\db\ar\CActiveRecord.php(145): CComponent->__get('username')
#1 E:\wwwroot\yii\framework\web\helpers\CHtml.php(2529): CActiveRecord->__get('username')
#2 E:\wwwroot\yii\framework\web\helpers\CHtml.php(2252): CHtml::resolveValue(Object(Book), 'username')
#3 E:\wwwroot\yii\framework\web\helpers\CHtml.php(1434): CHtml::activeInputField('text', Object(Book), 'username', Array)
#4 E:\wwwroot\yii\framework\web\widgets\CActiveForm.php(725): CHtml::activeTextField(Object(Book), 'username', Array)
#5 E:\wwwroot\yii\projects\eayon\protected\views\user\_form.php(24): CActiveForm->textField(Object(Book), 'username', Array)
#6 E:\wwwroot\yii\framework\web\CBaseController.php(126): require('E:\wwwroot\yii\...')
#7 E:\wwwroot\yii\framework\web\CBaseController.php(95): CBaseController->renderInternal('E:\wwwroot\yii\...', Array, true)
#8 E:\wwwroot\yii\framework\web\CController.php(869): CBaseController->renderFile('E:\wwwroot\yii\...', Array, true)
#9 E:\wwwroot\yii\projects\eayon\protected\views\user\create.php(18): CController->renderPartial('_form', Array)
#10 E:\wwwroot\yii\framework\web\CBaseController.php(126): require('E:\wwwroot\yii\...')
#11 E:\wwwroot\yii\framework\web\CBaseController.php(95): CBaseController->renderInternal('E:\wwwroot\yii\...', Array, true)
#12 E:\wwwroot\yii\framework\web\CController.php(869): CBaseController->renderFile('E:\wwwroot\yii\...', Array, true)
#13 E:\wwwroot\yii\framework\web\CController.php(782): CController->renderPartial('create', Array, true)
#14 E:\wwwroot\yii\projects\eayon\protected\controllers\UserController.php(79): CController->render('create', Array)
#15 E:\wwwroot\yii\framework\web\actions\CInlineAction.php(49): UserController->actionCreate()
#16 E:\wwwroot\yii\framework\web\CController.php(308): CInlineAction->runWithParams(Array)
#17 E:\wwwroot\yii\framework\web\filters\CFilterChain.php(133): CController->runAction(Object(CInlineAction))
#18 E:\wwwroot\yii\framework\web\filters\CFilter.php(40): CFilterChain->run()
#19 E:\wwwroot\yii\framework\web\CController.php(1145): CFilter->filter(Object(CFilterChain))
#20 E:\wwwroot\yii\framework\web\filters\CInlineFilter.php(58): CController->filterAccessControl(Object(CFilterChain))
#21 E:\wwwroot\yii\framework\web\filters\CFilterChain.php(130): CInlineFilter->filter(Object(CFilterChain))
#22 E:\wwwroot\yii\framework\web\CController.php(291): CFilterChain->run()
#23 E:\wwwroot\yii\framework\web\CController.php(265): CController->runActionWithFilters(Object(CInlineAction), Array)
#24 E:\wwwroot\yii\framework\web\CWebApplication.php(282): CController->run('create')
#25 E:\wwwroot\yii\framework\web\CWebApplication.php(141): CWebApplication->runController('user/create')
#26 E:\wwwroot\yii\framework\base\CApplication.php(180): CWebApplication->processRequest()
#27 E:\wwwroot\yii\projects\eayon\index.php(13): CApplication->run()
#28 {main}
REQUEST_URI=/yii/projects/eayon/index.php?r=user/create
HTTP_REFERER=http://localhost/yii/projects/eayon/index.php?r=user
---
2014/09/24 17:55:53 [error] [exception.CException] exception 'CException' with message 'Property "Book.username" is not defined.' in E:\wwwroot\yii\framework\base\CComponent.php:130
Stack trace:
#0 E:\wwwroot\yii\framework\db\ar\CActiveRecord.php(145): CComponent->__get('username')
#1 E:\wwwroot\yii\framework\web\helpers\CHtml.php(2529): CActiveRecord->__get('username')
#2 E:\wwwroot\yii\framework\web\helpers\CHtml.php(2252): CHtml::resolveValue(Object(Book), 'username')
#3 E:\wwwroot\yii\framework\web\helpers\CHtml.php(1434): CHtml::activeInputField('text', Object(Book), 'username', Array)
#4 E:\wwwroot\yii\framework\web\widgets\CActiveForm.php(725): CHtml::activeTextField(Object(Book), 'username', Array)
#5 E:\wwwroot\yii\projects\eayon\protected\views\user\_form.php(24): CActiveForm->textField(Object(Book), 'username', Array)
#6 E:\wwwroot\yii\framework\web\CBaseController.php(126): require('E:\wwwroot\yii\...')
#7 E:\wwwroot\yii\framework\web\CBaseController.php(95): CBaseController->renderInternal('E:\wwwroot\yii\...', Array, true)
#8 E:\wwwroot\yii\framework\web\CController.php(869): CBaseController->renderFile('E:\wwwroot\yii\...', Array, true)
#9 E:\wwwroot\yii\projects\eayon\protected\views\user\create.php(18): CController->renderPartial('_form', Array)
#10 E:\wwwroot\yii\framework\web\CBaseController.php(126): require('E:\wwwroot\yii\...')
#11 E:\wwwroot\yii\framework\web\CBaseController.php(95): CBaseController->renderInternal('E:\wwwroot\yii\...', Array, true)
#12 E:\wwwroot\yii\framework\web\CController.php(869): CBaseController->renderFile('E:\wwwroot\yii\...', Array, true)
#13 E:\wwwroot\yii\framework\web\CController.php(782): CController->renderPartial('create', Array, true)
#14 E:\wwwroot\yii\projects\eayon\protected\controllers\UserController.php(79): CController->render('create', Array)
#15 E:\wwwroot\yii\framework\web\actions\CInlineAction.php(49): UserController->actionCreate()
#16 E:\wwwroot\yii\framework\web\CController.php(308): CInlineAction->runWithParams(Array)
#17 E:\wwwroot\yii\framework\web\filters\CFilterChain.php(133): CController->runAction(Object(CInlineAction))
#18 E:\wwwroot\yii\framework\web\filters\CFilter.php(40): CFilterChain->run()
#19 E:\wwwroot\yii\framework\web\CController.php(1145): CFilter->filter(Object(CFilterChain))
#20 E:\wwwroot\yii\framework\web\filters\CInlineFilter.php(58): CController->filterAccessControl(Object(CFilterChain))
#21 E:\wwwroot\yii\framework\web\filters\CFilterChain.php(130): CInlineFilter->filter(Object(CFilterChain))
#22 E:\wwwroot\yii\framework\web\CController.php(291): CFilterChain->run()
#23 E:\wwwroot\yii\framework\web\CController.php(265): CController->runActionWithFilters(Object(CInlineAction), Array)
#24 E:\wwwroot\yii\framework\web\CWebApplication.php(282): CController->run('create')
#25 E:\wwwroot\yii\framework\web\CWebApplication.php(141): CWebApplication->runController('user/create')
#26 E:\wwwroot\yii\framework\base\CApplication.php(180): CWebApplication->processRequest()
#27 E:\wwwroot\yii\projects\eayon\index.php(13): CApplication->run()
#28 {main}
REQUEST_URI=/yii/projects/eayon/index.php?r=user/create
---
2014/09/24 17:55:54 [error] [exception.CException] exception 'CException' with message 'Property "Book.username" is not defined.' in E:\wwwroot\yii\framework\base\CComponent.php:130
Stack trace:
#0 E:\wwwroot\yii\framework\db\ar\CActiveRecord.php(145): CComponent->__get('username')
#1 E:\wwwroot\yii\framework\web\helpers\CHtml.php(2529): CActiveRecord->__get('username')
#2 E:\wwwroot\yii\framework\web\helpers\CHtml.php(2252): CHtml::resolveValue(Object(Book), 'username')
#3 E:\wwwroot\yii\framework\web\helpers\CHtml.php(1434): CHtml::activeInputField('text', Object(Book), 'username', Array)
#4 E:\wwwroot\yii\framework\web\widgets\CActiveForm.php(725): CHtml::activeTextField(Object(Book), 'username', Array)
#5 E:\wwwroot\yii\projects\eayon\protected\views\user\_form.php(24): CActiveForm->textField(Object(Book), 'username', Array)
#6 E:\wwwroot\yii\framework\web\CBaseController.php(126): require('E:\wwwroot\yii\...')
#7 E:\wwwroot\yii\framework\web\CBaseController.php(95): CBaseController->renderInternal('E:\wwwroot\yii\...', Array, true)
#8 E:\wwwroot\yii\framework\web\CController.php(869): CBaseController->renderFile('E:\wwwroot\yii\...', Array, true)
#9 E:\wwwroot\yii\projects\eayon\protected\views\user\create.php(18): CController->renderPartial('_form', Array)
#10 E:\wwwroot\yii\framework\web\CBaseController.php(126): require('E:\wwwroot\yii\...')
#11 E:\wwwroot\yii\framework\web\CBaseController.php(95): CBaseController->renderInternal('E:\wwwroot\yii\...', Array, true)
#12 E:\wwwroot\yii\framework\web\CController.php(869): CBaseController->renderFile('E:\wwwroot\yii\...', Array, true)
#13 E:\wwwroot\yii\framework\web\CController.php(782): CController->renderPartial('create', Array, true)
#14 E:\wwwroot\yii\projects\eayon\protected\controllers\UserController.php(79): CController->render('create', Array)
#15 E:\wwwroot\yii\framework\web\actions\CInlineAction.php(49): UserController->actionCreate()
#16 E:\wwwroot\yii\framework\web\CController.php(308): CInlineAction->runWithParams(Array)
#17 E:\wwwroot\yii\framework\web\filters\CFilterChain.php(133): CController->runAction(Object(CInlineAction))
#18 E:\wwwroot\yii\framework\web\filters\CFilter.php(40): CFilterChain->run()
#19 E:\wwwroot\yii\framework\web\CController.php(1145): CFilter->filter(Object(CFilterChain))
#20 E:\wwwroot\yii\framework\web\filters\CInlineFilter.php(58): CController->filterAccessControl(Object(CFilterChain))
#21 E:\wwwroot\yii\framework\web\filters\CFilterChain.php(130): CInlineFilter->filter(Object(CFilterChain))
#22 E:\wwwroot\yii\framework\web\CController.php(291): CFilterChain->run()
#23 E:\wwwroot\yii\framework\web\CController.php(265): CController->runActionWithFilters(Object(CInlineAction), Array)
#24 E:\wwwroot\yii\framework\web\CWebApplication.php(282): CController->run('create')
#25 E:\wwwroot\yii\framework\web\CWebApplication.php(141): CWebApplication->runController('user/create')
#26 E:\wwwroot\yii\framework\base\CApplication.php(180): CWebApplication->processRequest()
#27 E:\wwwroot\yii\projects\eayon\index.php(13): CApplication->run()
#28 {main}
REQUEST_URI=/yii/projects/eayon/index.php?r=user/create
---
2014/09/24 17:55:54 [error] [exception.CException] exception 'CException' with message 'Property "Book.username" is not defined.' in E:\wwwroot\yii\framework\base\CComponent.php:130
Stack trace:
#0 E:\wwwroot\yii\framework\db\ar\CActiveRecord.php(145): CComponent->__get('username')
#1 E:\wwwroot\yii\framework\web\helpers\CHtml.php(2529): CActiveRecord->__get('username')
#2 E:\wwwroot\yii\framework\web\helpers\CHtml.php(2252): CHtml::resolveValue(Object(Book), 'username')
#3 E:\wwwroot\yii\framework\web\helpers\CHtml.php(1434): CHtml::activeInputField('text', Object(Book), 'username', Array)
#4 E:\wwwroot\yii\framework\web\widgets\CActiveForm.php(725): CHtml::activeTextField(Object(Book), 'username', Array)
#5 E:\wwwroot\yii\projects\eayon\protected\views\user\_form.php(24): CActiveForm->textField(Object(Book), 'username', Array)
#6 E:\wwwroot\yii\framework\web\CBaseController.php(126): require('E:\wwwroot\yii\...')
#7 E:\wwwroot\yii\framework\web\CBaseController.php(95): CBaseController->renderInternal('E:\wwwroot\yii\...', Array, true)
#8 E:\wwwroot\yii\framework\web\CController.php(869): CBaseController->renderFile('E:\wwwroot\yii\...', Array, true)
#9 E:\wwwroot\yii\projects\eayon\protected\views\user\create.php(18): CController->renderPartial('_form', Array)
#10 E:\wwwroot\yii\framework\web\CBaseController.php(126): require('E:\wwwroot\yii\...')
#11 E:\wwwroot\yii\framework\web\CBaseController.php(95): CBaseController->renderInternal('E:\wwwroot\yii\...', Array, true)
#12 E:\wwwroot\yii\framework\web\CController.php(869): CBaseController->renderFile('E:\wwwroot\yii\...', Array, true)
#13 E:\wwwroot\yii\framework\web\CController.php(782): CController->renderPartial('create', Array, true)
#14 E:\wwwroot\yii\projects\eayon\protected\controllers\UserController.php(79): CController->render('create', Array)
#15 E:\wwwroot\yii\framework\web\actions\CInlineAction.php(49): UserController->actionCreate()
#16 E:\wwwroot\yii\framework\web\CController.php(308): CInlineAction->runWithParams(Array)
#17 E:\wwwroot\yii\framework\web\filters\CFilterChain.php(133): CController->runAction(Object(CInlineAction))
#18 E:\wwwroot\yii\framework\web\filters\CFilter.php(40): CFilterChain->run()
#19 E:\wwwroot\yii\framework\web\CController.php(1145): CFilter->filter(Object(CFilterChain))
#20 E:\wwwroot\yii\framework\web\filters\CInlineFilter.php(58): CController->filterAccessControl(Object(CFilterChain))
#21 E:\wwwroot\yii\framework\web\filters\CFilterChain.php(130): CInlineFilter->filter(Object(CFilterChain))
#22 E:\wwwroot\yii\framework\web\CController.php(291): CFilterChain->run()
#23 E:\wwwroot\yii\framework\web\CController.php(265): CController->runActionWithFilters(Object(CInlineAction), Array)
#24 E:\wwwroot\yii\framework\web\CWebApplication.php(282): CController->run('create')
#25 E:\wwwroot\yii\framework\web\CWebApplication.php(141): CWebApplication->runController('user/create')
#26 E:\wwwroot\yii\framework\base\CApplication.php(180): CWebApplication->processRequest()
#27 E:\wwwroot\yii\projects\eayon\index.php(13): CApplication->run()
#28 {main}
REQUEST_URI=/yii/projects/eayon/index.php?r=user/create
---
